Testsuite: com.google.gwt.sample.stockwatcher.client.StockWatcherTest
Tests run: 2, Failures: 0, Errors: 2, Skipped: 0, Time elapsed: 0,875 sec
------------- Standard Error -----------------
mrt 16, 2016 2:37:06 PM java.util.prefs.WindowsPreferences <init>
WARNING: Could not open/create prefs root node Software\JavaSoft\Prefs at root 0x80000002. Windows RegCreateKeyEx(...) returned error code 5.
------------- ---------------- ---------------

Testcase: testStockPriceCtor took 0,697 sec
	Caused an ERROR
com/thoughtworks/selenium/Selenium
java.lang.NoClassDefFoundError: com/thoughtworks/selenium/Selenium
	at com.google.gwt.junit.RunStyleSelenium.createSeleniumWrapper(RunStyleSelenium.java:403)
	at com.google.gwt.junit.RunStyleSelenium.initialize(RunStyleSelenium.java:320)
	at com.google.gwt.junit.JUnitShell.createRunStyle(JUnitShell.java:1186)
	at com.google.gwt.junit.JUnitShell.doStartup(JUnitShell.java:948)
	at com.google.gwt.dev.DevModeBase.startUp(DevModeBase.java:1044)
	at com.google.gwt.junit.JUnitShell.getUnitTestShell(JUnitShell.java:704)
	at com.google.gwt.junit.JUnitShell.runTest(JUnitShell.java:678)
	at com.google.gwt.junit.client.GWTTestCase.runTest(GWTTestCase.java:421)
	at com.google.gwt.junit.client.GWTTestCase.run(GWTTestCase.java:247)
Caused by: java.lang.ClassNotFoundException: com.thoughtworks.selenium.Selenium
	at java.net.URLClassLoader.findClass(URLClassLoader.java:381)
	at java.lang.ClassLoader.loadClass(ClassLoader.java:424)
	at sun.misc.Launcher$AppClassLoader.loadClass(Launcher.java:331)
	at java.lang.ClassLoader.loadClass(ClassLoader.java:357)

Testcase: testSimple took 0,003 sec
	Caused an ERROR
(see previous log entries)
com.google.gwt.core.ext.UnableToCompleteException: (see previous log entries)
	at com.google.gwt.junit.JUnitShell.runTestImpl(JUnitShell.java:1301)
	at com.google.gwt.junit.JUnitShell.runTestImpl(JUnitShell.java:1284)
	at com.google.gwt.junit.JUnitShell.runTest(JUnitShell.java:678)
	at com.google.gwt.junit.client.GWTTestCase.runTest(GWTTestCase.java:421)
	at com.google.gwt.junit.client.GWTTestCase.run(GWTTestCase.java:247)

